<?xml version="1.0" encoding="UTF-8"?>
<!-- Generated by org.testng.reporters.JUnitXMLReporter -->
<testsuite hostname="saumi" ignored="0" name="Running SprintOne Test Cases" tests="2" failures="1" timestamp="28 Jul 2019 08:50:00 GMT" time="24.238" errors="0">
  <testcase name="tc01" time="6.485" classname="functionaltestcases.SprintOne"/>
  <testcase name="tc03" time="9.561" classname="functionaltestcases.SprintOne">
    <failure type="java.lang.AssertionError" message="The following asserts failed:
	expected [true] but found [false]">
      <![CDATA[java.lang.AssertionError: The following asserts failed:
	expected [true] but found [false]
	at functionaltestcases.SprintOne.tc03(SprintOne.java:85)
... Removed 25 stack frames]]>
    </failure>
  </testcase> <!-- tc03 -->
</testsuite> <!-- Running SprintOne Test Cases -->
