<?xml version="1.0" encoding="UTF-8"?>
<!-- Generated by org.testng.reporters.JUnitXMLReporter -->
<testsuite hostname="saumi" name="Adding new Vacancy" tests="4" failures="1" timestamp="12 Jul 2019 13:33:38 GMT" time="88.949" errors="0">
  <testcase name="tc01" time="7.547" classname="functionaltestcases.SprintOne"/>
  <testcase name="tc02" time="18.129" classname="functionaltestcases.SprintOne"/>
  <testcase name="tc03" time="14.776" classname="functionaltestcases.SprintOne"/>
  <testcase name="tc04" time="11.01" classname="functionaltestcases.SprintOne">
    <failure type="java.lang.AssertionError" message="The following asserts failed:
	expected [true] but found [false]">
      <![CDATA[java.lang.AssertionError: The following asserts failed:
	expected [true] but found [false]
	at functionaltestcases.SprintOne.tc04(SprintOne.java:68)
... Removed 25 stack frames]]>
    </failure>
  </testcase> <!-- tc04 -->
</testsuite> <!-- Adding new Vacancy -->
